d:\test\rendering\rendering\debug\rendering.pch
d:\test\rendering\rendering\debug\vc141.pdb
d:\test\rendering\rendering\debug\vc141.idb
d:\test\rendering\rendering\debug\stdafx.obj
d:\test\rendering\rendering\debug\renderingview.obj
d:\test\rendering\rendering\debug\renderingdoc.obj
d:\test\rendering\rendering\debug\rendering.obj
d:\test\rendering\rendering\debug\rasterize.obj
d:\test\rendering\rendering\debug\matrixtransformer.obj
d:\test\rendering\rendering\debug\mainfrm.obj
d:\test\rendering\debug\rendering.exe
d:\test\rendering\debug\rendering.ilk
d:\test\rendering\debug\rendering.pdb
d:\test\rendering\rendering\debug\rendering.res
d:\test\rendering\rendering\debug\rendering.tlog\cl.command.1.tlog
d:\test\rendering\rendering\debug\rendering.tlog\cl.read.1.tlog
d:\test\rendering\rendering\debug\rendering.tlog\cl.write.1.tlog
d:\test\rendering\rendering\debug\rendering.tlog\link.command.1.tlog
d:\test\rendering\rendering\debug\rendering.tlog\link.read.1.tlog
d:\test\rendering\rendering\debug\rendering.tlog\link.write.1.tlog
d:\test\rendering\rendering\debug\rendering.tlog\rc.command.1.tlog
d:\test\rendering\rendering\debug\rendering.tlog\rc.read.1.tlog
d:\test\rendering\rendering\debug\rendering.tlog\rc.write.1.tlog
